<?xml version='1.0' encoding='UTF-8' ?>
<testsuite tests="0" failures="0" errors="0" skipped="0" time="1.73509810192E9" timestamp="2024-12-25T03:41:41" hostname="localhost">
  <properties>
    <property name="device" value="Medium_Phone_API_35(AVD) - 15" />
    <property name="flavor" value="" />
    <property name="project" value=":app" />
  </properties>
</testsuite>